[2026-03-15T13:01:50.679Z] [Нэвтрээгүй] POST /api/auth/register - 500 (550ms)
[2026-03-15T13:02:23.446Z] [Нэвтрээгүй] POST /api/auth/register - 500 (472ms)
[2026-03-15T13:04:00.073Z] [Нэвтрээгүй] POST /api/auth/register - 500 (556ms)
[2026-03-15T13:05:10.404Z] [Нэвтрээгүй] POST /api/auth/register - 201 (576ms)
[2026-03-15T13:05:10.738Z] [tengiso] GET /api/students/meta/classes - 304 (52ms)
[2026-03-15T13:05:10.822Z] [tengiso] GET /api/students - 200 (147ms)
[2026-03-15T13:05:30.481Z] [tengiso] GET /api/students/69b3ed9e6b61656d5781077c - 200 (57ms)
[2026-03-15T13:05:30.497Z] [tengiso] GET /api/students/69b3ed9e6b61656d5781077c - 304 (8ms)
[2026-03-15T13:51:32.338Z] [Нэвтрээгүй] POST /api/auth/login - 200 (202ms)
[2026-03-15T13:51:32.400Z] [tengiso] GET /api/students - 200 (9ms)
[2026-03-15T13:51:32.402Z] [tengiso] GET /api/students/meta/classes - 200 (9ms)
[2026-03-15T13:56:51.690Z] [tengiso] GET /api/students - 304 (3ms)
[2026-03-15T13:56:51.691Z] [tengiso] GET /api/students/meta/classes - 304 (3ms)
[2026-03-15T13:56:51.700Z] [tengiso] GET /api/students - 304 (3ms)
[2026-03-15T13:56:51.706Z] [tengiso] GET /api/students/meta/classes - 304 (2ms)
[2026-03-15T13:59:20.708Z] [tengiso] GET /api/students - 304 (3ms)
[2026-03-15T13:59:20.709Z] [tengiso] GET /api/students/meta/classes - 304 (3ms)
[2026-03-15T13:59:20.716Z] [tengiso] GET /api/students - 304 (3ms)
[2026-03-15T13:59:20.721Z] [tengiso] GET /api/students/meta/classes - 304 (2ms)
[2026-03-15T13:59:51.219Z] [tengiso] GET /api/students?className=11A - 200 (8ms)
[2026-03-15T14:00:42.219Z] [tengiso] GET /api/students/69b3ed9e6b61656d5781077c - 200 (3ms)
[2026-03-15T14:00:42.224Z] [tengiso] GET /api/students/69b3ed9e6b61656d5781077c - 304 (3ms)
[2026-03-15T14:09:26.205Z] [tengiso] GET /api/students - 304 (3ms)
[2026-03-15T14:09:26.207Z] [tengiso] GET /api/students/meta/classes - 304 (3ms)
[2026-03-15T14:09:26.215Z] [tengiso] GET /api/students - 304 (2ms)
[2026-03-15T14:09:26.219Z] [tengiso] GET /api/students/meta/classes - 304 (5ms)
[2026-03-15T14:10:02.082Z] [Нэвтрээгүй] POST /api/auth/login - 200 (203ms)
[2026-03-15T14:10:02.143Z] [tengiso] GET /api/students - 304 (2ms)
[2026-03-15T14:10:02.144Z] [tengiso] GET /api/students/meta/classes - 304 (1ms)
[2026-03-15T14:10:19.410Z] [tengiso] GET /api/students/69b3ed9e6b61656d5781077c - 304 (2ms)
[2026-03-15T14:10:19.414Z] [tengiso] GET /api/students/69b3ed9e6b61656d5781077c - 304 (2ms)
[2026-03-15T14:25:19.941Z] [Нэвтрээгүй] POST /api/auth/login - 200 (224ms)
[2026-03-15T14:25:19.982Z] [tengiso] GET /api/students - 304 (7ms)
[2026-03-15T14:25:19.983Z] [tengiso] GET /api/students/meta/classes - 304 (5ms)
[2026-03-16T02:32:23.791Z] [tengiso] GET /api/students - 304 (59ms)
[2026-03-16T02:32:23.802Z] [tengiso] GET /api/students/meta/classes - 304 (43ms)
[2026-03-16T02:32:23.843Z] [tengiso] GET /api/students - 304 (24ms)
[2026-03-16T02:32:23.853Z] [tengiso] GET /api/students/meta/classes - 304 (26ms)
